Using pre-set license

 COMMAND LINE ARGUMENTS:
/Applications/Unity/Hub/Editor/2020.3.3f1/Unity.app/Contents/MacOS/Unity
-adb2
-batchMode
-noUpm
-name
AssetImportWorker0
-projectPath
/Users/garbeda1/Documents/GAME625/github625/Programming Patterns
-logFile
Logs/AssetImportWorker0.log
-srvPort
64021
Successfully changed project path to: /Users/garbeda1/Documents/GAME625/github625/Programming Patterns
/Users/garbeda1/Documents/GAME625/github625/Programming Patterns
Using Asset Import Pipeline V2.
Refreshing native plugins compatible for Editor in 32.25 ms, found 1 plugins.
Preloading 0 native plugins for Editor in 0.00 ms.
Initialize engine version: 2020.3.3f1 (76626098c1c4)
[Subsystems] Discovering subsystems at path /Applications/Unity/Hub/Editor/2020.3.3f1/Unity.app/Contents/Resources/UnitySubsystems
[Subsystems] Discovering subsystems at path /Users/garbeda1/Documents/GAME625/github625/Programming Patterns/Assets
GfxDevice: creating device client; threaded=0
2021-10-06 15:16:47.309 Unity[28255:5963168] Color LCD preferred device: AMD Radeon Pro 560X (high power)
2021-10-06 15:16:47.309 Unity[28255:5963168] Metal devices available: 2
2021-10-06 15:16:47.309 Unity[28255:5963168] 0: AMD Radeon Pro 560X (high power)
2021-10-06 15:16:47.309 Unity[28255:5963168] 1: Intel(R) UHD Graphics 630 (low power)
2021-10-06 15:16:47.311 Unity[28255:5963168] Using device AMD Radeon Pro 560X (high power)
Initializing Metal device caps: AMD Radeon Pro 560X
Initialize mono
Mono path[0] = '/Applications/Unity/Hub/Editor/2020.3.3f1/Unity.app/Contents/Managed'
Mono path[1] = '/Applications/Unity/Hub/Editor/2020.3.3f1/Unity.app/Contents/MonoBleedingEdge/lib/mono/unityjit'
Mono config path = '/Applications/Unity/Hub/Editor/2020.3.3f1/Unity.app/Contents/MonoBleedingEdge/etc'
Using monoOptions --debugger-agent=transport=dt_socket,embedding=1,server=y,suspend=n,address=127.0.0.1:56255
Begin MonoManager ReloadAssembly
Registering precompiled unity dll's ...
Register platform support module: /Applications/Unity/Hub/Editor/2020.3.3f1/PlaybackEngines/WebGLSupport/UnityEditor.WebGL.Extensions.dll
Register platform support module: /Applications/Unity/Hub/Editor/2020.3.3f1/Unity.app/Contents/PlaybackEngines/MacStandaloneSupport/UnityEditor.OSXStandalone.Extensions.dll
Register platform support module: /Applications/Unity/Hub/Editor/2020.3.3f1/PlaybackEngines/WindowsStandaloneSupport/UnityEditor.WindowsStandalone.Extensions.dll
Registered in 0.000855 seconds.
Native extension for WindowsStandalone target not found
Native extension for OSXStandalone target not found
Native extension for WebGL target not found
Refreshing native plugins compatible for Editor in 35.25 ms, found 1 plugins.
Preloading 0 native plugins for Editor in 0.00 ms.
Invoked RoslynAnalysisRunner static constructor.
RoslynAnalysisRunner will not be running.
RoslynAnalysisRunner has terminated.
Mono: successfully reloaded assembly
- Completed reload, in  2.897 seconds
Platform modules already initialized, skipping
Registering precompiled user dll's ...
Registered in 0.003387 seconds.
Begin MonoManager ReloadAssembly
Native extension for WindowsStandalone target not found
Native extension for OSXStandalone target not found
Native extension for WebGL target not found
Refreshing native plugins compatible for Editor in 0.39 ms, found 1 plugins.
Preloading 0 native plugins for Editor in 0.00 ms.
Invoked RoslynAnalysisRunner static constructor.
RoslynAnalysisRunner will not be running.
RoslynAnalysisRunner has terminated.
Mono: successfully reloaded assembly
- Completed reload, in  1.602 seconds
Platform modules already initialized, skipping
========================================================================
Worker process is ready to serve import requests
Launching external process: /Applications/Unity/Hub/Editor/2020.3.3f1/Unity.app/Contents/Tools/UnityShaderCompiler
Launched and connected shader compiler UnityShaderCompiler after 0.02 seconds
Refreshing native plugins compatible for Editor in 0.52 ms, found 1 plugins.
Preloading 0 native plugins for Editor in 0.00 ms.
Unloading 1156 Unused Serialized files (Serialized files now loaded: 0)
System memory in use before: 115.2 MB.
System memory in use after: 115.2 MB.

Unloading 15 unused Assets to reduce memory usage. Loaded Objects now: 1609.
Total: 3.038554 ms (FindLiveObjects: 0.367708 ms CreateObjectMapping: 0.133458 ms MarkObjects: 2.441604 ms  DeleteObjects: 0.093669 ms)

========================================================================
Received Import Request.
  path: Assets/State Pattern/Scripts/FSM/NPCSearch_ClassBased.cs
  artifactKey: Guid(b57bfdeeebb09474e9eac0c9fce8bea1) Importer(815301076,1909f56bfc062723c751e8b465ee728b)
Start importing Assets/State Pattern/Scripts/FSM/NPCSearch_ClassBased.cs using Guid(b57bfdeeebb09474e9eac0c9fce8bea1) Importer(815301076,1909f56bfc062723c751e8b465ee728b)  -> (artifact id: 'b93973134ed0d49b0fa7f3a9ff178cd8') in 0.452484 seconds
  Import took 0.455044 seconds .

========================================================================
Received Prepare
Refreshing native plugins compatible for Editor in 2.62 ms, found 1 plugins.
Preloading 0 native plugins for Editor in 0.00 ms.
Unloading 9 Unused Serialized files (Serialized files now loaded: 0)
System memory in use before: 96.9 MB.
System memory in use after: 97.0 MB.

Unloading 8 unused Assets to reduce memory usage. Loaded Objects now: 1609.
Total: 1.438730 ms (FindLiveObjects: 0.131916 ms CreateObjectMapping: 0.039850 ms MarkObjects: 1.255523 ms  DeleteObjects: 0.010333 ms)

========================================================================
Received Import Request.
  Time since last request: 145.509185 seconds.
  path: Assets/State Pattern/Scripts/FSM/NPCSearch.cs
  artifactKey: Guid(35e3e33a531c72d468034133ce827c83) Importer(815301076,1909f56bfc062723c751e8b465ee728b)
Start importing Assets/State Pattern/Scripts/FSM/NPCSearch.cs using Guid(35e3e33a531c72d468034133ce827c83) Importer(815301076,1909f56bfc062723c751e8b465ee728b)  -> (artifact id: 'cf7f78bf0ff52eaca3d7a066d0023c92') in 0.005073 seconds
  Import took 0.007310 seconds .

