Using pre-set license

 COMMAND LINE ARGUMENTS:
/Applications/Unity/Hub/Editor/2020.3.3f1/Unity.app/Contents/MacOS/Unity
-adb2
-batchMode
-noUpm
-name
AssetImportWorker0
-projectPath
/Users/garbeda1/Documents/GAME625/github625/TicTacToeMinimax-master/TicTacToe
-logFile
Logs/AssetImportWorker0.log
-srvPort
49481
Successfully changed project path to: /Users/garbeda1/Documents/GAME625/github625/TicTacToeMinimax-master/TicTacToe
/Users/garbeda1/Documents/GAME625/github625/TicTacToeMinimax-master/TicTacToe
Using Asset Import Pipeline V2.
Refreshing native plugins compatible for Editor in 21.76 ms, found 1 plugins.
Preloading 0 native plugins for Editor in 0.00 ms.
Initialize engine version: 2020.3.3f1 (76626098c1c4)
[Subsystems] Discovering subsystems at path /Applications/Unity/Hub/Editor/2020.3.3f1/Unity.app/Contents/Resources/UnitySubsystems
[Subsystems] Discovering subsystems at path /Users/garbeda1/Documents/GAME625/github625/TicTacToeMinimax-master/TicTacToe/Assets
GfxDevice: creating device client; threaded=0
2021-10-27 14:47:59.550 Unity[2527:25146] Color LCD preferred device: AMD Radeon Pro 560X (high power)
2021-10-27 14:47:59.550 Unity[2527:25146] Metal devices available: 2
2021-10-27 14:47:59.550 Unity[2527:25146] 0: AMD Radeon Pro 560X (high power)
2021-10-27 14:47:59.550 Unity[2527:25146] 1: Intel(R) UHD Graphics 630 (low power)
2021-10-27 14:47:59.550 Unity[2527:25146] Using device AMD Radeon Pro 560X (high power)
Initializing Metal device caps: AMD Radeon Pro 560X
Initialize mono
Mono path[0] = '/Applications/Unity/Hub/Editor/2020.3.3f1/Unity.app/Contents/Managed'
Mono path[1] = '/Applications/Unity/Hub/Editor/2020.3.3f1/Unity.app/Contents/MonoBleedingEdge/lib/mono/unityjit'
Mono config path = '/Applications/Unity/Hub/Editor/2020.3.3f1/Unity.app/Contents/MonoBleedingEdge/etc'
Using monoOptions --debugger-agent=transport=dt_socket,embedding=1,server=y,suspend=n,address=127.0.0.1:56527
Begin MonoManager ReloadAssembly
Registering precompiled unity dll's ...
Register platform support module: /Applications/Unity/Hub/Editor/2020.3.3f1/PlaybackEngines/WebGLSupport/UnityEditor.WebGL.Extensions.dll
Register platform support module: /Applications/Unity/Hub/Editor/2020.3.3f1/Unity.app/Contents/PlaybackEngines/MacStandaloneSupport/UnityEditor.OSXStandalone.Extensions.dll
Register platform support module: /Applications/Unity/Hub/Editor/2020.3.3f1/PlaybackEngines/WindowsStandaloneSupport/UnityEditor.WindowsStandalone.Extensions.dll
Registered in 0.018652 seconds.
Native extension for WindowsStandalone target not found
Native extension for OSXStandalone target not found
Native extension for WebGL target not found
Refreshing native plugins compatible for Editor in 20.63 ms, found 1 plugins.
Preloading 0 native plugins for Editor in 0.00 ms.
Invoked RoslynAnalysisRunner static constructor.
RoslynAnalysisRunner will not be running.
RoslynAnalysisRunner has terminated.
Mono: successfully reloaded assembly
- Completed reload, in  2.352 seconds
Platform modules already initialized, skipping
Registering precompiled user dll's ...
Registered in 0.000642 seconds.
Begin MonoManager ReloadAssembly
Native extension for WindowsStandalone target not found
Native extension for OSXStandalone target not found
Native extension for WebGL target not found
Refreshing native plugins compatible for Editor in 0.19 ms, found 1 plugins.
Preloading 0 native plugins for Editor in 0.00 ms.
Invoked RoslynAnalysisRunner static constructor.
RoslynAnalysisRunner will not be running.
RoslynAnalysisRunner has terminated.
Mono: successfully reloaded assembly
- Completed reload, in  1.069 seconds
Platform modules already initialized, skipping
========================================================================
Worker process is ready to serve import requests
Launching external process: /Applications/Unity/Hub/Editor/2020.3.3f1/Unity.app/Contents/Tools/UnityShaderCompiler
Launched and connected shader compiler UnityShaderCompiler after 0.05 seconds
Refreshing native plugins compatible for Editor in 0.26 ms, found 1 plugins.
Preloading 0 native plugins for Editor in 0.00 ms.
Unloading 1117 Unused Serialized files (Serialized files now loaded: 0)
System memory in use before: 112.4 MB.
System memory in use after: 112.5 MB.

Unloading 9 unused Assets to reduce memory usage. Loaded Objects now: 1562.
Total: 2.041238 ms (FindLiveObjects: 0.159639 ms CreateObjectMapping: 0.048247 ms MarkObjects: 1.759458 ms  DeleteObjects: 0.072847 ms)

========================================================================
Received Import Request.
  path: Assets/PrimeNumber.cs
  artifactKey: Guid(8f24ee50f65ce431db14d1c65757c8b1) Importer(815301076,1909f56bfc062723c751e8b465ee728b)
Start importing Assets/PrimeNumber.cs using Guid(8f24ee50f65ce431db14d1c65757c8b1) Importer(815301076,1909f56bfc062723c751e8b465ee728b)  -> (artifact id: '94baef37ccc8d95af428b6b8e6d19ea6') in 0.495519 seconds
  Import took 0.497431 seconds .

