Using pre-set license

 COMMAND LINE ARGUMENTS:
/Applications/Unity/Hub/Editor/2020.3.3f1/Unity.app/Contents/MacOS/Unity
-adb2
-batchMode
-noUpm
-name
AssetImportWorker0
-projectPath
/Users/garbeda1/Documents/GAME625/github625/ObserverPatternInUnity
-logFile
Logs/AssetImportWorker0.log
-srvPort
58667
Successfully changed project path to: /Users/garbeda1/Documents/GAME625/github625/ObserverPatternInUnity
/Users/garbeda1/Documents/GAME625/github625/ObserverPatternInUnity
Using Asset Import Pipeline V2.
Refreshing native plugins compatible for Editor in 20.98 ms, found 1 plugins.
Preloading 0 native plugins for Editor in 0.00 ms.
Initialize engine version: 2020.3.3f1 (76626098c1c4)
[Subsystems] Discovering subsystems at path /Applications/Unity/Hub/Editor/2020.3.3f1/Unity.app/Contents/Resources/UnitySubsystems
[Subsystems] Discovering subsystems at path /Users/garbeda1/Documents/GAME625/github625/ObserverPatternInUnity/Assets
GfxDevice: creating device client; threaded=0
2021-09-17 23:44:27.092 Unity[31170:3386484] Color LCD preferred device: AMD Radeon Pro 560X (high power)
2021-09-17 23:44:27.092 Unity[31170:3386484] Metal devices available: 2
2021-09-17 23:44:27.093 Unity[31170:3386484] 0: AMD Radeon Pro 560X (high power)
2021-09-17 23:44:27.093 Unity[31170:3386484] 1: Intel(R) UHD Graphics 630 (low power)
2021-09-17 23:44:27.094 Unity[31170:3386484] Using device AMD Radeon Pro 560X (high power)
Initializing Metal device caps: AMD Radeon Pro 560X
Initialize mono
Mono path[0] = '/Applications/Unity/Hub/Editor/2020.3.3f1/Unity.app/Contents/Managed'
Mono path[1] = '/Applications/Unity/Hub/Editor/2020.3.3f1/Unity.app/Contents/MonoBleedingEdge/lib/mono/unityjit'
Mono config path = '/Applications/Unity/Hub/Editor/2020.3.3f1/Unity.app/Contents/MonoBleedingEdge/etc'
Using monoOptions --debugger-agent=transport=dt_socket,embedding=1,server=y,suspend=n,address=127.0.0.1:56170
Begin MonoManager ReloadAssembly
Registering precompiled unity dll's ...
Register platform support module: /Applications/Unity/Hub/Editor/2020.3.3f1/PlaybackEngines/WebGLSupport/UnityEditor.WebGL.Extensions.dll
Register platform support module: /Applications/Unity/Hub/Editor/2020.3.3f1/Unity.app/Contents/PlaybackEngines/MacStandaloneSupport/UnityEditor.OSXStandalone.Extensions.dll
Register platform support module: /Applications/Unity/Hub/Editor/2020.3.3f1/PlaybackEngines/WindowsStandaloneSupport/UnityEditor.WindowsStandalone.Extensions.dll
Registered in 0.001406 seconds.
Native extension for WindowsStandalone target not found
Native extension for OSXStandalone target not found
Native extension for WebGL target not found
Refreshing native plugins compatible for Editor in 27.89 ms, found 1 plugins.
Preloading 0 native plugins for Editor in 0.00 ms.
Invoked RoslynAnalysisRunner static constructor.
RoslynAnalysisRunner will not be running.
RoslynAnalysisRunner has terminated.
Mono: successfully reloaded assembly
- Completed reload, in  3.518 seconds
Platform modules already initialized, skipping
Registering precompiled user dll's ...
Registered in 0.000883 seconds.
Begin MonoManager ReloadAssembly
Native extension for WindowsStandalone target not found
Native extension for OSXStandalone target not found
Native extension for WebGL target not found
Refreshing native plugins compatible for Editor in 0.20 ms, found 1 plugins.
Preloading 0 native plugins for Editor in 0.00 ms.
Invoked RoslynAnalysisRunner static constructor.
RoslynAnalysisRunner will not be running.
RoslynAnalysisRunner has terminated.
Mono: successfully reloaded assembly
- Completed reload, in  0.954 seconds
Platform modules already initialized, skipping
========================================================================
Worker process is ready to serve import requests
Launching external process: /Applications/Unity/Hub/Editor/2020.3.3f1/Unity.app/Contents/Tools/UnityShaderCompiler
Launched and connected shader compiler UnityShaderCompiler after 0.02 seconds
Refreshing native plugins compatible for Editor in 0.21 ms, found 1 plugins.
Preloading 0 native plugins for Editor in 0.00 ms.
Unloading 1124 Unused Serialized files (Serialized files now loaded: 0)
System memory in use before: 112.1 MB.
System memory in use after: 112.2 MB.

Unloading 9 unused Assets to reduce memory usage. Loaded Objects now: 1567.
Total: 2.055764 ms (FindLiveObjects: 0.153428 ms CreateObjectMapping: 0.050833 ms MarkObjects: 1.764768 ms  DeleteObjects: 0.085486 ms)

========================================================================
Received Import Request.
  path: Assets/_Scripts/Observer.cs
  artifactKey: Guid(8215ac4d506404b4b826e67b25985553) Importer(815301076,1909f56bfc062723c751e8b465ee728b)
Start importing Assets/_Scripts/Observer.cs using Guid(8215ac4d506404b4b826e67b25985553) Importer(815301076,1909f56bfc062723c751e8b465ee728b)  -> (artifact id: 'de997c0c8970a3d3124e492d410f32a2') in 0.268694 seconds
  Import took 0.270668 seconds .

========================================================================
Received Prepare
Refreshing native plugins compatible for Editor in 0.69 ms, found 1 plugins.
Preloading 0 native plugins for Editor in 0.00 ms.
Unloading 3 Unused Serialized files (Serialized files now loaded: 0)
System memory in use before: 94.3 MB.
System memory in use after: 94.4 MB.

Unloading 2 unused Assets to reduce memory usage. Loaded Objects now: 1567.
Total: 1.718263 ms (FindLiveObjects: 0.142841 ms CreateObjectMapping: 0.042417 ms MarkObjects: 1.516964 ms  DeleteObjects: 0.013724 ms)

========================================================================
Received Import Request.
  Time since last request: 28.725948 seconds.
  path: Assets/_Scripts/OrangeCubeObserved.cs
  artifactKey: Guid(41a9e250d5b42403a89823fae762b183) Importer(815301076,1909f56bfc062723c751e8b465ee728b)
Start importing Assets/_Scripts/OrangeCubeObserved.cs using Guid(41a9e250d5b42403a89823fae762b183) Importer(815301076,1909f56bfc062723c751e8b465ee728b)  -> (artifact id: '19a814c59b26cab964cb2e1d5abeb663') in 0.004844 seconds
  Import took 0.006952 seconds .

========================================================================
Received Import Request.
  Time since last request: 0.003368 seconds.
  path: Assets/_Scripts/OrangeCubeObserved.cs
  artifactKey: Guid(41a9e250d5b42403a89823fae762b183) Importer(815301076,1909f56bfc062723c751e8b465ee728b)
Start importing Assets/_Scripts/OrangeCubeObserved.cs using Guid(41a9e250d5b42403a89823fae762b183) Importer(815301076,1909f56bfc062723c751e8b465ee728b)  -> (artifact id: '19a814c59b26cab964cb2e1d5abeb663') in 0.004667 seconds
  Import took 0.006815 seconds .

========================================================================
Received Prepare
Registering precompiled user dll's ...
Registered in 0.000855 seconds.
Begin MonoManager ReloadAssembly
Native extension for WindowsStandalone target not found
Native extension for OSXStandalone target not found
Native extension for WebGL target not found
Refreshing native plugins compatible for Editor in 0.18 ms, found 1 plugins.
Preloading 0 native plugins for Editor in 0.00 ms.
Invoked RoslynAnalysisRunner static constructor.
RoslynAnalysisRunner will not be running.
RoslynAnalysisRunner has terminated.
Mono: successfully reloaded assembly
- Completed reload, in  0.983 seconds
Platform modules already initialized, skipping
Refreshing native plugins compatible for Editor in 0.20 ms, found 1 plugins.
Preloading 0 native plugins for Editor in 0.00 ms.
Unloading 1119 Unused Serialized files (Serialized files now loaded: 0)
System memory in use before: 116.8 MB.
System memory in use after: 116.9 MB.

Unloading 4 unused Assets to reduce memory usage. Loaded Objects now: 1570.
Total: 1.752736 ms (FindLiveObjects: 0.189874 ms CreateObjectMapping: 0.043097 ms MarkObjects: 1.503552 ms  DeleteObjects: 0.015179 ms)

========================================================================
Received Prepare
Registering precompiled user dll's ...
Registered in 0.000924 seconds.
Begin MonoManager ReloadAssembly
Native extension for WindowsStandalone target not found
Native extension for OSXStandalone target not found
Native extension for WebGL target not found
Refreshing native plugins compatible for Editor in 0.22 ms, found 1 plugins.
Preloading 0 native plugins for Editor in 0.00 ms.
Invoked RoslynAnalysisRunner static constructor.
RoslynAnalysisRunner will not be running.
RoslynAnalysisRunner has terminated.
Mono: successfully reloaded assembly
- Completed reload, in  0.973 seconds
Platform modules already initialized, skipping
Refreshing native plugins compatible for Editor in 0.18 ms, found 1 plugins.
Preloading 0 native plugins for Editor in 0.00 ms.
Unloading 1119 Unused Serialized files (Serialized files now loaded: 0)
System memory in use before: 116.9 MB.
System memory in use after: 117.0 MB.

Unloading 4 unused Assets to reduce memory usage. Loaded Objects now: 1573.
Total: 1.433680 ms (FindLiveObjects: 0.168233 ms CreateObjectMapping: 0.028451 ms MarkObjects: 1.224580 ms  DeleteObjects: 0.011484 ms)

========================================================================
Received Prepare
Registering precompiled user dll's ...
Registered in 0.000676 seconds.
Begin MonoManager ReloadAssembly
Native extension for WindowsStandalone target not found
Native extension for OSXStandalone target not found
Native extension for WebGL target not found
Refreshing native plugins compatible for Editor in 0.18 ms, found 1 plugins.
Preloading 0 native plugins for Editor in 0.00 ms.
Invoked RoslynAnalysisRunner static constructor.
RoslynAnalysisRunner will not be running.
RoslynAnalysisRunner has terminated.
Mono: successfully reloaded assembly
- Completed reload, in  0.884 seconds
Platform modules already initialized, skipping
Refreshing native plugins compatible for Editor in 0.17 ms, found 1 plugins.
Preloading 0 native plugins for Editor in 0.00 ms.
Unloading 1119 Unused Serialized files (Serialized files now loaded: 0)
System memory in use before: 117.1 MB.
System memory in use after: 117.2 MB.

Unloading 4 unused Assets to reduce memory usage. Loaded Objects now: 1576.
Total: 1.879210 ms (FindLiveObjects: 0.143612 ms CreateObjectMapping: 0.034461 ms MarkObjects: 1.685359 ms  DeleteObjects: 0.014449 ms)

========================================================================
Received Prepare
Registering precompiled user dll's ...
Registered in 0.000741 seconds.
Begin MonoManager ReloadAssembly
Native extension for WindowsStandalone target not found
Native extension for OSXStandalone target not found
Native extension for WebGL target not found
Refreshing native plugins compatible for Editor in 0.18 ms, found 1 plugins.
Preloading 0 native plugins for Editor in 0.00 ms.
Invoked RoslynAnalysisRunner static constructor.
RoslynAnalysisRunner will not be running.
RoslynAnalysisRunner has terminated.
Mono: successfully reloaded assembly
- Completed reload, in  0.995 seconds
Platform modules already initialized, skipping
Refreshing native plugins compatible for Editor in 0.18 ms, found 1 plugins.
Preloading 0 native plugins for Editor in 0.00 ms.
Unloading 1119 Unused Serialized files (Serialized files now loaded: 0)
System memory in use before: 117.3 MB.
System memory in use after: 117.4 MB.

Unloading 4 unused Assets to reduce memory usage. Loaded Objects now: 1579.
Total: 1.547209 ms (FindLiveObjects: 0.142230 ms CreateObjectMapping: 0.036834 ms MarkObjects: 1.353050 ms  DeleteObjects: 0.013752 ms)

